Arguments: 
  D:\Program Files\node\node-v8.9.4-win-x64\node.exe D:\npm\node_modules\yarn\bin\yarn.js install

PATH: 
  D:\Program Files\Ruby23-x64\bin;C:\ProgramData\Oracle\Java\javapath;C:\Windows\system32;C:\Windows;C:\Windows\System32\Wbem;C:\Windows\System32\WindowsPowerShell\v1.0\;C:\Program Files (x86)\AMD\ATI.ACE\Core-Static;D:\Program Files\Python27;D:\Program Files\Java\jdk1.8.0_77\bin;C:\Program Files (x86)\MySQL\MySQL Fabric 1.5 & MySQL Utilities 1.5\;C:\Program Files (x86)\MySQL\MySQL Fabric 1.5 & MySQL Utilities 1.5\Doctrine extensions for PHP\;D:\npm;D:\Program Files\apache-maven-3.3.9\bin;D:\Program Files\Redis;C:\Program Files\MySQL\MySQL Server 5.7\bin;D:\Program Files\Redis;D:\Program Files\MongoDB\Server\3.2\bin;D:\Program Files\TortoiseGit\bin;D:\Program Files (x86)\Yarn\bin;D:\Program Files\Python27\Scripts;D:\Nginx\nginx-1.10.2;D:\phpDev\php;D:\Program Files\Git\cmd;D:\Program Files\Git\usr\bin;D:\Program Files\ngrok;D:\Program Files\node\node-v8.9.4-win-x64;C:\Program Files (x86)\Calibre2\;C:\Users\Administrator\AppData\Roaming\npm;D:\Program Files\Boot2Docker for Windows;D:\Program Files\Docker Toolbox;C:\Users\Administrator\AppData\Local\Programs\Fiddler

Yarn version: 
  1.7.0

Node version: 
  8.9.4

Platform: 
  win32 x64

Trace: 
  Error: ENOENT: no such file or directory, copyfile 'C:\Users\Administrator\AppData\Local\Yarn\Cache\v1\npm-ms-2.1.1-30a5864eb3ebb0a66f2ebe6d727af06a09d86e0a\package.json' -> 'E:\dev\dva-quickstart\node_modules\@babel\core\node_modules\ms\package.json'

npm manifest: 
  {
    "private": true,
    "scripts": {
      "start": "roadhog server",
      "build": "roadhog build",
      "lint": "eslint --ext .js src test",
      "precommit": "npm run lint"
    },
    "dependencies": {
      "antd": "^3.10.1",
      "babel-plugin-import": "^1.9.1",
      "dva": "^2.4.0",
      "dva-loading": "^2.0.5",
      "react": "^16.2.0",
      "react-dom": "^16.2.0"
    },
    "devDependencies": {
      "babel-plugin-dva-hmr": "^0.3.2",
      "eslint": "^4.14.0",
      "eslint-config-umi": "^0.1.1",
      "eslint-plugin-flowtype": "^2.34.1",
      "eslint-plugin-import": "^2.6.0",
      "eslint-plugin-jsx-a11y": "^5.1.1",
      "eslint-plugin-react": "^7.1.0",
      "husky": "^0.12.0",
      "mockjs": "^1.0.1-beta3",
      "redbox-react": "^1.4.3",
      "roadhog": "^2.0.0"
    }
  }

yarn manifest: 
  No manifest

Lockfile: 
  No lockfile
